<?xml version="1.0" encoding="utf-8"?>
<testsuites time="5.222" tests="52" failures="11">
  <testsuite id="0" name="Source.TestSubmission.dll" tests="52" failures="11" time="5.222">
    <testcase classname="Codenation.Challenge.AccelerationModelTest" name="Codenation.Challenge.AccelerationModelTest.Should_Has_Table" time="0.8600000" />
    <testcase classname="Codenation.Challenge.AccelerationModelTest" name="Codenation.Challenge.AccelerationModelTest.Should_Has_Field(fieldName: &quot;created_at&quot;, isNullable: False, fieldType: typeof(System.DateTime), fieldSize: null)" time="0.0010000" />
    <testcase classname="Codenation.Challenge.AccelerationModelTest" name="Codenation.Challenge.AccelerationModelTest.Should_Has_Field(fieldName: &quot;id&quot;, isNullable: False, fieldType: typeof(int), fieldSize: null)" time="0.0010000" />
    <testcase classname="Codenation.Challenge.AccelerationModelTest" name="Codenation.Challenge.AccelerationModelTest.Should_Has_Field(fieldName: &quot;challenge_id&quot;, isNullable: False, fieldType: typeof(int), fieldSize: null)" time="0.0010000" />
    <testcase classname="Codenation.Challenge.AccelerationModelTest" name="Codenation.Challenge.AccelerationModelTest.Should_Has_Field(fieldName: &quot;name&quot;, isNullable: False, fieldType: typeof(string), fieldSize: 100)" time="0.0010000">
      <error message="System.InvalidOperationException : Nullable object must have a value.">   at System.Nullable`1.get_Value()
   at Codenation.Challenge.ModelBaseTest.GetFieldSize(IProperty property) in C:\Users\devso\CodeNation\csharp-7\Source.TestSubmission\ModelBaseTest.cs:line 69
   at Codenation.Challenge.ModelBaseTest.AssertField(String fieldName, Boolean isNullable, Type fieldType, Nullable`1 fieldSize) in C:\Users\devso\CodeNation\csharp-7\Source.TestSubmission\ModelBaseTest.cs:line 102
   at Codenation.Challenge.AccelerationModelTest.Should_Has_Field(String fieldName, Boolean isNullable, Type fieldType, Nullable`1 fieldSize) in C:\Users\devso\CodeNation\csharp-7\Source.TestSubmission\AccelerationModelTest.cs:line 36</error>
    </testcase>
    <testcase classname="Codenation.Challenge.AccelerationModelTest" name="Codenation.Challenge.AccelerationModelTest.Should_Has_Field(fieldName: &quot;slug&quot;, isNullable: False, fieldType: typeof(string), fieldSize: 50)" time="0.0010000">
      <error message="System.InvalidOperationException : Nullable object must have a value.">   at System.Nullable`1.get_Value()
   at Codenation.Challenge.ModelBaseTest.GetFieldSize(IProperty property) in C:\Users\devso\CodeNation\csharp-7\Source.TestSubmission\ModelBaseTest.cs:line 69
   at Codenation.Challenge.ModelBaseTest.AssertField(String fieldName, Boolean isNullable, Type fieldType, Nullable`1 fieldSize) in C:\Users\devso\CodeNation\csharp-7\Source.TestSubmission\ModelBaseTest.cs:line 102
   at Codenation.Challenge.AccelerationModelTest.Should_Has_Field(String fieldName, Boolean isNullable, Type fieldType, Nullable`1 fieldSize) in C:\Users\devso\CodeNation\csharp-7\Source.TestSubmission\AccelerationModelTest.cs:line 36</error>
    </testcase>
    <testcase classname="Codenation.Challenge.AccelerationModelTest" name="Codenation.Challenge.AccelerationModelTest.Should_Has_Primary_Key" time="0.0010000" />
    <testcase classname="Codenation.Challenge.AccelerationModelTest" name="Codenation.Challenge.AccelerationModelTest.Should_Has_Children_Navigation(childrenTable: &quot;candidate&quot;)" time="0.0020000" />
    <testcase classname="Codenation.Challenge.AccelerationModelTest" name="Codenation.Challenge.AccelerationModelTest.Should_Has_Foreing_Key(fieldName: &quot;challenge_id&quot;, relatedTable: &quot;challenge&quot;, isNullable: False, relatedKey: &quot;id&quot;)" time="0.0010000" />
    <testcase classname="Codenation.Challenge.CandidateModelTest" name="Codenation.Challenge.CandidateModelTest.Should_Has_Foreing_Key(fieldName: &quot;company_id&quot;, relatedTable: &quot;company&quot;, isNullable: False, relatedKey: &quot;id&quot;)" time="0.8630000" />
    <testcase classname="Codenation.Challenge.CandidateModelTest" name="Codenation.Challenge.CandidateModelTest.Should_Has_Foreing_Key(fieldName: &quot;user_id&quot;, relatedTable: &quot;user&quot;, isNullable: False, relatedKey: &quot;id&quot;)" time="0.0010000" />
    <testcase classname="Codenation.Challenge.CandidateModelTest" name="Codenation.Challenge.CandidateModelTest.Should_Has_Foreing_Key(fieldName: &quot;acceleration_id&quot;, relatedTable: &quot;acceleration&quot;, isNullable: False, relatedKey: &quot;id&quot;)" time="0.0010000" />
    <testcase classname="Codenation.Challenge.CandidateModelTest" name="Codenation.Challenge.CandidateModelTest.Should_Has_Table" time="0.0010000" />
    <testcase classname="Codenation.Challenge.CandidateModelTest" name="Codenation.Challenge.CandidateModelTest.Should_Has_Field(fieldName: &quot;company_id&quot;, isNullable: False, fieldType: typeof(int), fieldSize: null)" time="0.0010000" />
    <testcase classname="Codenation.Challenge.CandidateModelTest" name="Codenation.Challenge.CandidateModelTest.Should_Has_Field(fieldName: &quot;user_id&quot;, isNullable: False, fieldType: typeof(int), fieldSize: null)" time="0.0010000" />
    <testcase classname="Codenation.Challenge.CandidateModelTest" name="Codenation.Challenge.CandidateModelTest.Should_Has_Field(fieldName: &quot;acceleration_id&quot;, isNullable: False, fieldType: typeof(int), fieldSize: null)" time="0.0010000" />
    <testcase classname="Codenation.Challenge.CandidateModelTest" name="Codenation.Challenge.CandidateModelTest.Should_Has_Field(fieldName: &quot;created_at&quot;, isNullable: False, fieldType: typeof(System.DateTime), fieldSize: null)" time="0.0010000" />
    <testcase classname="Codenation.Challenge.CandidateModelTest" name="Codenation.Challenge.CandidateModelTest.Should_Has_Field(fieldName: &quot;status&quot;, isNullable: False, fieldType: typeof(int), fieldSize: null)" time="0.0010000" />
    <testcase classname="Codenation.Challenge.CandidateModelTest" name="Codenation.Challenge.CandidateModelTest.Should_Has_Primary_Key" time="0.0010000" />
    <testcase classname="Codenation.Challenge.ChallengeModelTest" name="Codenation.Challenge.ChallengeModelTest.Should_Has_Field(fieldName: &quot;name&quot;, isNullable: False, fieldType: typeof(string), fieldSize: 100)" time="0.8630000">
      <error message="System.InvalidOperationException : Nullable object must have a value.">   at System.Nullable`1.get_Value()
   at Codenation.Challenge.ModelBaseTest.GetFieldSize(IProperty property) in C:\Users\devso\CodeNation\csharp-7\Source.TestSubmission\ModelBaseTest.cs:line 69
   at Codenation.Challenge.ModelBaseTest.AssertField(String fieldName, Boolean isNullable, Type fieldType, Nullable`1 fieldSize) in C:\Users\devso\CodeNation\csharp-7\Source.TestSubmission\ModelBaseTest.cs:line 102
   at Codenation.Challenge.ChallengeModelTest.Should_Has_Field(String fieldName, Boolean isNullable, Type fieldType, Nullable`1 fieldSize) in C:\Users\devso\CodeNation\csharp-7\Source.TestSubmission\ChallengeModelTest.cs:line 35</error>
    </testcase>
    <testcase classname="Codenation.Challenge.ChallengeModelTest" name="Codenation.Challenge.ChallengeModelTest.Should_Has_Field(fieldName: &quot;slug&quot;, isNullable: False, fieldType: typeof(string), fieldSize: 50)" time="0.0010000">
      <error message="System.InvalidOperationException : Nullable object must have a value.">   at System.Nullable`1.get_Value()
   at Codenation.Challenge.ModelBaseTest.GetFieldSize(IProperty property) in C:\Users\devso\CodeNation\csharp-7\Source.TestSubmission\ModelBaseTest.cs:line 69
   at Codenation.Challenge.ModelBaseTest.AssertField(String fieldName, Boolean isNullable, Type fieldType, Nullable`1 fieldSize) in C:\Users\devso\CodeNation\csharp-7\Source.TestSubmission\ModelBaseTest.cs:line 102
   at Codenation.Challenge.ChallengeModelTest.Should_Has_Field(String fieldName, Boolean isNullable, Type fieldType, Nullable`1 fieldSize) in C:\Users\devso\CodeNation\csharp-7\Source.TestSubmission\ChallengeModelTest.cs:line 35</error>
    </testcase>
    <testcase classname="Codenation.Challenge.ChallengeModelTest" name="Codenation.Challenge.ChallengeModelTest.Should_Has_Field(fieldName: &quot;id&quot;, isNullable: False, fieldType: typeof(int), fieldSize: null)" time="0.0010000" />
    <testcase classname="Codenation.Challenge.ChallengeModelTest" name="Codenation.Challenge.ChallengeModelTest.Should_Has_Field(fieldName: &quot;created_at&quot;, isNullable: False, fieldType: typeof(System.DateTime), fieldSize: null)" time="0.0010000" />
    <testcase classname="Codenation.Challenge.ChallengeModelTest" name="Codenation.Challenge.ChallengeModelTest.Should_Has_Children_Navigation(childrenTable: &quot;acceleration&quot;)" time="0.0020000" />
    <testcase classname="Codenation.Challenge.ChallengeModelTest" name="Codenation.Challenge.ChallengeModelTest.Should_Has_Children_Navigation(childrenTable: &quot;submission&quot;)" time="0.0010000" />
    <testcase classname="Codenation.Challenge.ChallengeModelTest" name="Codenation.Challenge.ChallengeModelTest.Should_Has_Primary_Key" time="0.0010000" />
    <testcase classname="Codenation.Challenge.ChallengeModelTest" name="Codenation.Challenge.ChallengeModelTest.Should_Has_Table" time="0.0010000" />
    <testcase classname="Codenation.Challenge.CompanyModelTest" name="Codenation.Challenge.CompanyModelTest.Should_Has_Field(fieldName: &quot;id&quot;, isNullable: False, fieldType: typeof(int), fieldSize: null)" time="0.8610000" />
    <testcase classname="Codenation.Challenge.CompanyModelTest" name="Codenation.Challenge.CompanyModelTest.Should_Has_Field(fieldName: &quot;slug&quot;, isNullable: False, fieldType: typeof(string), fieldSize: 50)" time="0.0020000">
      <error message="System.InvalidOperationException : Nullable object must have a value.">   at System.Nullable`1.get_Value()
   at Codenation.Challenge.ModelBaseTest.GetFieldSize(IProperty property) in C:\Users\devso\CodeNation\csharp-7\Source.TestSubmission\ModelBaseTest.cs:line 69
   at Codenation.Challenge.ModelBaseTest.AssertField(String fieldName, Boolean isNullable, Type fieldType, Nullable`1 fieldSize) in C:\Users\devso\CodeNation\csharp-7\Source.TestSubmission\ModelBaseTest.cs:line 102
   at Codenation.Challenge.CompanyModelTest.Should_Has_Field(String fieldName, Boolean isNullable, Type fieldType, Nullable`1 fieldSize) in C:\Users\devso\CodeNation\csharp-7\Source.TestSubmission\CompanyModelTest.cs:line 35</error>
    </testcase>
    <testcase classname="Codenation.Challenge.CompanyModelTest" name="Codenation.Challenge.CompanyModelTest.Should_Has_Field(fieldName: &quot;created_at&quot;, isNullable: False, fieldType: typeof(System.DateTime), fieldSize: null)" time="0.0010000" />
    <testcase classname="Codenation.Challenge.CompanyModelTest" name="Codenation.Challenge.CompanyModelTest.Should_Has_Field(fieldName: &quot;name&quot;, isNullable: False, fieldType: typeof(string), fieldSize: 100)" time="0.0010000">
      <error message="System.InvalidOperationException : Nullable object must have a value.">   at System.Nullable`1.get_Value()
   at Codenation.Challenge.ModelBaseTest.GetFieldSize(IProperty property) in C:\Users\devso\CodeNation\csharp-7\Source.TestSubmission\ModelBaseTest.cs:line 69
   at Codenation.Challenge.ModelBaseTest.AssertField(String fieldName, Boolean isNullable, Type fieldType, Nullable`1 fieldSize) in C:\Users\devso\CodeNation\csharp-7\Source.TestSubmission\ModelBaseTest.cs:line 102
   at Codenation.Challenge.CompanyModelTest.Should_Has_Field(String fieldName, Boolean isNullable, Type fieldType, Nullable`1 fieldSize) in C:\Users\devso\CodeNation\csharp-7\Source.TestSubmission\CompanyModelTest.cs:line 35</error>
    </testcase>
    <testcase classname="Codenation.Challenge.CompanyModelTest" name="Codenation.Challenge.CompanyModelTest.Should_Has_Table" time="0.0010000" />
    <testcase classname="Codenation.Challenge.CompanyModelTest" name="Codenation.Challenge.CompanyModelTest.Should_Has_Primary_Key" time="0.0010000" />
    <testcase classname="Codenation.Challenge.CompanyModelTest" name="Codenation.Challenge.CompanyModelTest.Should_Has_Children_Navigation(childrenTable: &quot;candidate&quot;)" time="0.0010000" />
    <testcase classname="Codenation.Challenge.SubmissionModelTest" name="Codenation.Challenge.SubmissionModelTest.Should_Has_Primary_Key" time="0.8600000" />
    <testcase classname="Codenation.Challenge.SubmissionModelTest" name="Codenation.Challenge.SubmissionModelTest.Should_Has_Field(fieldName: &quot;user_id&quot;, isNullable: False, fieldType: typeof(int), fieldSize: null)" time="0.0010000" />
    <testcase classname="Codenation.Challenge.SubmissionModelTest" name="Codenation.Challenge.SubmissionModelTest.Should_Has_Field(fieldName: &quot;created_at&quot;, isNullable: False, fieldType: typeof(System.DateTime), fieldSize: null)" time="0.0010000" />
    <testcase classname="Codenation.Challenge.SubmissionModelTest" name="Codenation.Challenge.SubmissionModelTest.Should_Has_Field(fieldName: &quot;challenge_id&quot;, isNullable: False, fieldType: typeof(int), fieldSize: null)" time="0.0010000" />
    <testcase classname="Codenation.Challenge.SubmissionModelTest" name="Codenation.Challenge.SubmissionModelTest.Should_Has_Field(fieldName: &quot;score&quot;, isNullable: False, fieldType: typeof(decimal), fieldSize: null)" time="0.0040000">
      <error message="Assert.Equal() Failure&#xD;&#xA;                          ↓ (pos 16)&#xD;&#xA;Expected: { type = System.Decimal, nullable = False, size = 0 }&#xD;&#xA;Actual:   { type = System.Single, nullable = False, size = 0 }&#xD;&#xA;                          ↑ (pos 16)">   at Codenation.Challenge.ModelBaseTest.AssertField(String fieldName, Boolean isNullable, Type fieldType, Nullable`1 fieldSize) in C:\Users\devso\CodeNation\csharp-7\Source.TestSubmission\ModelBaseTest.cs:line 107
   at Codenation.Challenge.SubmissionModelTest.Should_Has_Field(String fieldName, Boolean isNullable, Type fieldType, Nullable`1 fieldSize) in C:\Users\devso\CodeNation\csharp-7\Source.TestSubmission\SubmissionModelTest.cs:line 35</error>
    </testcase>
    <testcase classname="Codenation.Challenge.SubmissionModelTest" name="Codenation.Challenge.SubmissionModelTest.Should_Has_Foreing_Key(fieldName: &quot;challenge_id&quot;, relatedTable: &quot;challenge&quot;, isNullable: False, relatedKey: &quot;id&quot;)" time="0.0010000" />
    <testcase classname="Codenation.Challenge.SubmissionModelTest" name="Codenation.Challenge.SubmissionModelTest.Should_Has_Foreing_Key(fieldName: &quot;user_id&quot;, relatedTable: &quot;user&quot;, isNullable: False, relatedKey: &quot;id&quot;)" time="0.0010000" />
    <testcase classname="Codenation.Challenge.SubmissionModelTest" name="Codenation.Challenge.SubmissionModelTest.Should_Has_Table" time="0.0010000" />
    <testcase classname="Codenation.Challenge.UserModelTest" name="Codenation.Challenge.UserModelTest.Should_Has_Field(fieldName: &quot;nickname&quot;, isNullable: False, fieldType: typeof(string), fieldSize: 50)" time="0.8630000">
      <error message="System.InvalidOperationException : Nullable object must have a value.">   at System.Nullable`1.get_Value()
   at Codenation.Challenge.ModelBaseTest.GetFieldSize(IProperty property) in C:\Users\devso\CodeNation\csharp-7\Source.TestSubmission\ModelBaseTest.cs:line 69
   at Codenation.Challenge.ModelBaseTest.AssertField(String fieldName, Boolean isNullable, Type fieldType, Nullable`1 fieldSize) in C:\Users\devso\CodeNation\csharp-7\Source.TestSubmission\ModelBaseTest.cs:line 102
   at Codenation.Challenge.UserModelTest.Should_Has_Field(String fieldName, Boolean isNullable, Type fieldType, Nullable`1 fieldSize) in C:\Users\devso\CodeNation\csharp-7\Source.TestSubmission\UserModelTest.cs:line 37</error>
    </testcase>
    <testcase classname="Codenation.Challenge.UserModelTest" name="Codenation.Challenge.UserModelTest.Should_Has_Field(fieldName: &quot;password&quot;, isNullable: False, fieldType: typeof(string), fieldSize: 255)" time="0.0010000">
      <error message="System.InvalidOperationException : Nullable object must have a value.">   at System.Nullable`1.get_Value()
   at Codenation.Challenge.ModelBaseTest.GetFieldSize(IProperty property) in C:\Users\devso\CodeNation\csharp-7\Source.TestSubmission\ModelBaseTest.cs:line 69
   at Codenation.Challenge.ModelBaseTest.AssertField(String fieldName, Boolean isNullable, Type fieldType, Nullable`1 fieldSize) in C:\Users\devso\CodeNation\csharp-7\Source.TestSubmission\ModelBaseTest.cs:line 102
   at Codenation.Challenge.UserModelTest.Should_Has_Field(String fieldName, Boolean isNullable, Type fieldType, Nullable`1 fieldSize) in C:\Users\devso\CodeNation\csharp-7\Source.TestSubmission\UserModelTest.cs:line 37</error>
    </testcase>
    <testcase classname="Codenation.Challenge.UserModelTest" name="Codenation.Challenge.UserModelTest.Should_Has_Field(fieldName: &quot;full_name&quot;, isNullable: False, fieldType: typeof(string), fieldSize: 100)" time="0.0010000">
      <error message="System.InvalidOperationException : Nullable object must have a value.">   at System.Nullable`1.get_Value()
   at Codenation.Challenge.ModelBaseTest.GetFieldSize(IProperty property) in C:\Users\devso\CodeNation\csharp-7\Source.TestSubmission\ModelBaseTest.cs:line 69
   at Codenation.Challenge.ModelBaseTest.AssertField(String fieldName, Boolean isNullable, Type fieldType, Nullable`1 fieldSize) in C:\Users\devso\CodeNation\csharp-7\Source.TestSubmission\ModelBaseTest.cs:line 102
   at Codenation.Challenge.UserModelTest.Should_Has_Field(String fieldName, Boolean isNullable, Type fieldType, Nullable`1 fieldSize) in C:\Users\devso\CodeNation\csharp-7\Source.TestSubmission\UserModelTest.cs:line 37</error>
    </testcase>
    <testcase classname="Codenation.Challenge.UserModelTest" name="Codenation.Challenge.UserModelTest.Should_Has_Field(fieldName: &quot;created_at&quot;, isNullable: False, fieldType: typeof(System.DateTime), fieldSize: null)" time="0.0010000" />
    <testcase classname="Codenation.Challenge.UserModelTest" name="Codenation.Challenge.UserModelTest.Should_Has_Field(fieldName: &quot;id&quot;, isNullable: False, fieldType: typeof(int), fieldSize: null)" time="0.0010000" />
    <testcase classname="Codenation.Challenge.UserModelTest" name="Codenation.Challenge.UserModelTest.Should_Has_Field(fieldName: &quot;email&quot;, isNullable: False, fieldType: typeof(string), fieldSize: 100)" time="0.0010000">
      <error message="System.InvalidOperationException : Nullable object must have a value.">   at System.Nullable`1.get_Value()
   at Codenation.Challenge.ModelBaseTest.GetFieldSize(IProperty property) in C:\Users\devso\CodeNation\csharp-7\Source.TestSubmission\ModelBaseTest.cs:line 69
   at Codenation.Challenge.ModelBaseTest.AssertField(String fieldName, Boolean isNullable, Type fieldType, Nullable`1 fieldSize) in C:\Users\devso\CodeNation\csharp-7\Source.TestSubmission\ModelBaseTest.cs:line 102
   at Codenation.Challenge.UserModelTest.Should_Has_Field(String fieldName, Boolean isNullable, Type fieldType, Nullable`1 fieldSize) in C:\Users\devso\CodeNation\csharp-7\Source.TestSubmission\UserModelTest.cs:line 37</error>
    </testcase>
    <testcase classname="Codenation.Challenge.UserModelTest" name="Codenation.Challenge.UserModelTest.Should_Has_Table" time="0.0010000" />
    <testcase classname="Codenation.Challenge.UserModelTest" name="Codenation.Challenge.UserModelTest.Should_Has_Primary_Key" time="0.0010000" />
    <testcase classname="Codenation.Challenge.UserModelTest" name="Codenation.Challenge.UserModelTest.Should_Has_Children_Navigation(childrenTable: &quot;candidate&quot;)" time="0.0010000" />
    <testcase classname="Codenation.Challenge.UserModelTest" name="Codenation.Challenge.UserModelTest.Should_Has_Children_Navigation(childrenTable: &quot;submission&quot;)" time="0.0010000" />
  </testsuite>
</testsuites>